Using pre-set license
Built from '2020.3/staging' branch; Version is '2020.3.32f1 (12f8b0834f07) revision 1243312'; Using compiler version '192528614'; Build Type 'Release'
OS: 'Windows 10  (10.0.19044) 64bit Professional' Language: 'tr' Physical Memory: 16269 MB
BatchMode: 1, IsHumanControllingUs: 0, StartBugReporterOnCrash: 0, Is64bit: 1, IsPro: 0

COMMAND LINE ARGUMENTS:
D:\unity\2020.3.32f1\Editor\Unity.exe
-adb2
-batchMode
-noUpm
-name
AssetImportWorker0
-projectPath
D:/unity/projeler/Atm Rush
-logFile
Logs/AssetImportWorker0.log
-srvPort
60719
Successfully changed project path to: D:/unity/projeler/Atm Rush
D:/unity/projeler/Atm Rush
Using Asset Import Pipeline V2.
Refreshing native plugins compatible for Editor in 29.80 ms, found 2 plugins.
Preloading 0 native plugins for Editor in 0.00 ms.
Initialize engine version: 2020.3.32f1 (12f8b0834f07)
[Subsystems] Discovering subsystems at path D:/unity/2020.3.32f1/Editor/Data/Resources/UnitySubsystems
[Subsystems] Discovering subsystems at path D:/unity/projeler/Atm Rush/Assets
GfxDevice: creating device client; threaded=0
Direct3D:
    Version:  Direct3D 11.0 [level 11.1]
    Renderer: NVIDIA GeForce GTX 1050 Ti (ID=0x1c8c)
    Vendor:   
    VRAM:     4019 MB
    Driver:   27.21.14.6611
Initialize mono
Mono path[0] = 'D:/unity/2020.3.32f1/Editor/Data/Managed'
Mono path[1] = 'D:/unity/2020.3.32f1/Editor/Data/MonoBleedingEdge/lib/mono/unityjit'
Mono config path = 'D:/unity/2020.3.32f1/Editor/Data/MonoBleedingEdge/etc'
Using monoOptions --debugger-agent=transport=dt_socket,embedding=1,server=y,suspend=n,address=127.0.0.1:56320
Begin MonoManager ReloadAssembly
Registering precompiled unity dll's ...
Register platform support module: D:/unity/2020.3.32f1/Editor/Data/PlaybackEngines/WebGLSupport/UnityEditor.WebGL.Extensions.dll
Register platform support module: D:/unity/2020.3.32f1/Editor/Data/PlaybackEngines/WindowsStandaloneSupport/UnityEditor.WindowsStandalone.Extensions.dll
Registered in 0.001285 seconds.
Native extension for WindowsStandalone target not found
Native extension for WebGL target not found
Refreshing native plugins compatible for Editor in 31.85 ms, found 2 plugins.
Preloading 0 native plugins for Editor in 0.00 ms.
Mono: successfully reloaded assembly
- Completed reload, in  0.579 seconds
Domain Reload Profiling:
	ReloadAssembly (579ms)
		BeginReloadAssembly (64ms)
			ExecutionOrderSort (0ms)
			DisableScriptedObjects (0ms)
			BackupInstance (0ms)
			ReleaseScriptingObjects (0ms)
			CreateAndSetChildDomain (1ms)
		EndReloadAssembly (446ms)
			LoadAssemblies (63ms)
			RebuildTransferFunctionScriptingTraits (0ms)
			SetupTypeCache (147ms)
			ReleaseScriptCaches (0ms)
			RebuildScriptCaches (33ms)
			SetupLoadedEditorAssemblies (165ms)
				LogAssemblyErrors (0ms)
				InitializePlatformSupportModulesInManaged (5ms)
				SetLoadedEditorAssemblies (0ms)
				RefreshPlugins (32ms)
				BeforeProcessingInitializeOnLoad (16ms)
				ProcessInitializeOnLoadAttributes (84ms)
				ProcessInitializeOnLoadMethodAttributes (28ms)
				AfterProcessingInitializeOnLoad (0ms)
				EditorAssembliesLoaded (0ms)
			ExecutionOrderSort2 (0ms)
			AwakeInstancesAfterBackupRestoration (0ms)
Platform modules already initialized, skipping
Registering precompiled user dll's ...
Registered in 0.002228 seconds.
Begin MonoManager ReloadAssembly
Native extension for WindowsStandalone target not found
Native extension for WebGL target not found
Refreshing native plugins compatible for Editor in 0.31 ms, found 2 plugins.
Preloading 0 native plugins for Editor in 0.00 ms.
Mono: successfully reloaded assembly
- Completed reload, in  1.025 seconds
Domain Reload Profiling:
	ReloadAssembly (1026ms)
		BeginReloadAssembly (152ms)
			ExecutionOrderSort (0ms)
			DisableScriptedObjects (5ms)
			BackupInstance (0ms)
			ReleaseScriptingObjects (0ms)
			CreateAndSetChildDomain (20ms)
		EndReloadAssembly (816ms)
			LoadAssemblies (89ms)
			RebuildTransferFunctionScriptingTraits (0ms)
			SetupTypeCache (286ms)
			ReleaseScriptCaches (1ms)
			RebuildScriptCaches (45ms)
			SetupLoadedEditorAssemblies (306ms)
				LogAssemblyErrors (0ms)
				InitializePlatformSupportModulesInManaged (5ms)
				SetLoadedEditorAssemblies (0ms)
				RefreshPlugins (0ms)
				BeforeProcessingInitializeOnLoad (75ms)
				ProcessInitializeOnLoadAttributes (212ms)
				ProcessInitializeOnLoadMethodAttributes (10ms)
				AfterProcessingInitializeOnLoad (3ms)
				EditorAssembliesLoaded (0ms)
			ExecutionOrderSort2 (0ms)
			AwakeInstancesAfterBackupRestoration (6ms)
Platform modules already initialized, skipping
========================================================================
Worker process is ready to serve import requests
Launched and connected shader compiler UnityShaderCompiler.exe after 0.06 seconds
Refreshing native plugins compatible for Editor in 0.30 ms, found 2 plugins.
Preloading 0 native plugins for Editor in 0.00 ms.
Unloading 1506 Unused Serialized files (Serialized files now loaded: 0)
System memory in use before: 68.5 MB.
System memory in use after: 68.6 MB.

Unloading 16 unused Assets to reduce memory usage. Loaded Objects now: 1942.
Total: 3.371100 ms (FindLiveObjects: 0.138700 ms CreateObjectMapping: 0.050500 ms MarkObjects: 3.106900 ms  DeleteObjects: 0.073900 ms)

AssetImportParameters requested are different than current active one (requested -> active):
  custom:framework-win-MediaFoundation: 216162199b28c13a410421893ffa2e32 -> 
  custom:video-decoder-ogg-theora: a1e56fd34408186e4bbccfd4996cb3dc -> 
  custom:container-muxer-webm: aa71ff27fc2769a1b78a27578f13a17b -> 
  custom:container-demuxer-webm: 4f35f7cbe854078d1ac9338744f61a02 -> 
  custom:container-demuxer-ogg: 62fdf1f143b41e24485cea50d1cbac27 -> 
  custom:video-encoder-webm-vp8: eb34c28f22e8b96e1ab97ce403110664 -> 
  custom:video-decoder-webm-vp8: 9c59270c3fd7afecdb556c50c9e8de78 -> 
  custom:audio-decoder-ogg-vorbis: bf7c407c2cedff20999df2af8eb42d56 -> 
  custom:audio-encoder-webm-vorbis: bf7c407c2cedff20999df2af8eb42d56 -> 
========================================================================
Received Import Request.
  path: Assets/atm rush/Atm_pressed_R.fbx
  artifactKey: Guid(c436d07c06a308d47983106e514d15f4) Importer(815301076,1909f56bfc062723c751e8b465ee728b)
Start importing Assets/atm rush/Atm_pressed_R.fbx using Guid(c436d07c06a308d47983106e514d15f4) Importer(815301076,1909f56bfc062723c751e8b465ee728b)  -> (artifact id: 'e0232bcd7093baf199091fe56e7eed3f') in 0.620682 seconds 
========================================================================
Received Import Request.
  Time since last request: 0.000344 seconds.
  path: Assets/atm rush/money_gate_.fbx
  artifactKey: Guid(1c31ec806e193a84193fc9357b53d676) Importer(815301076,1909f56bfc062723c751e8b465ee728b)
Start importing Assets/atm rush/money_gate_.fbx using Guid(1c31ec806e193a84193fc9357b53d676) Importer(815301076,1909f56bfc062723c751e8b465ee728b)  -> (artifact id: 'fd845f28e9822f0d2342947866b96660') in 0.034309 seconds 
========================================================================
Received Import Request.
  Time since last request: 0.000255 seconds.
  path: Assets/atm rush/card_obstacle.fbx
  artifactKey: Guid(50f6565b169f96d4385303424b4d5795) Importer(815301076,1909f56bfc062723c751e8b465ee728b)
Start importing Assets/atm rush/card_obstacle.fbx using Guid(50f6565b169f96d4385303424b4d5795) Importer(815301076,1909f56bfc062723c751e8b465ee728b)  -> (artifact id: '8f35692b41ac4ecc9b0e22f1b618d55b') in 0.051710 seconds 
========================================================================
Received Import Request.
  Time since last request: 0.000419 seconds.
  path: Assets/atm rush/Diamond.fbx
  artifactKey: Guid(6301353f497a97349a1fe763e76f8bd7) Importer(815301076,1909f56bfc062723c751e8b465ee728b)
Start importing Assets/atm rush/Diamond.fbx using Guid(6301353f497a97349a1fe763e76f8bd7) Importer(815301076,1909f56bfc062723c751e8b465ee728b)  -> (artifact id: '92b3eb25733fd7516b7ca8b6395e9d8e') in 0.020527 seconds 
========================================================================
Received Import Request.
  Time since last request: 0.000257 seconds.
  path: Assets/atm rush/gold_R.fbx
  artifactKey: Guid(c45e44c2f797657489184b7e7900eb69) Importer(815301076,1909f56bfc062723c751e8b465ee728b)
Start importing Assets/atm rush/gold_R.fbx using Guid(c45e44c2f797657489184b7e7900eb69) Importer(815301076,1909f56bfc062723c751e8b465ee728b)  -> (artifact id: '17952c8fef24392b781ffa24d3450bd0') in 0.023169 seconds 
========================================================================
Received Import Request.
  Time since last request: 0.000242 seconds.
  path: Assets/atm rush/giotin_obstacle.fbx
  artifactKey: Guid(38d20374e8f1e4148b718c31f59adf7a) Importer(815301076,1909f56bfc062723c751e8b465ee728b)
Start importing Assets/atm rush/giotin_obstacle.fbx using Guid(38d20374e8f1e4148b718c31f59adf7a) Importer(815301076,1909f56bfc062723c751e8b465ee728b)  -> (artifact id: '809113de68611b2672ac832af2215a12') in 0.050598 seconds 
========================================================================
Received Import Request.
  Time since last request: 0.000217 seconds.
  path: Assets/atm rush/atm.fbx
  artifactKey: Guid(c22c021c54504ea49b0a1042b298746b) Importer(815301076,1909f56bfc062723c751e8b465ee728b)
Start importing Assets/atm rush/atm.fbx using Guid(c22c021c54504ea49b0a1042b298746b) Importer(815301076,1909f56bfc062723c751e8b465ee728b)  -> (artifact id: 'a9cd44de15e62b58020caee8aa4e3fd9') in 0.034302 seconds 
========================================================================
Received Import Request.
  Time since last request: 0.000272 seconds.
  path: Assets/atm rush/band_R.fbx
  artifactKey: Guid(ebea005a5fb5a6346b691a50d029ac2f) Importer(815301076,1909f56bfc062723c751e8b465ee728b)
Start importing Assets/atm rush/band_R.fbx using Guid(ebea005a5fb5a6346b691a50d029ac2f) Importer(815301076,1909f56bfc062723c751e8b465ee728b)  -> (artifact id: '10ccec6875e100afa091f432b88ea789') in 0.032384 seconds 
========================================================================
Received Import Request.
  Time since last request: 0.000224 seconds.
  path: Assets/atm rush/diamond_r2.fbx
  artifactKey: Guid(fa6d492fd1fca6c46a1f50a59f067f80) Importer(815301076,1909f56bfc062723c751e8b465ee728b)
Start importing Assets/atm rush/diamond_r2.fbx using Guid(fa6d492fd1fca6c46a1f50a59f067f80) Importer(815301076,1909f56bfc062723c751e8b465ee728b)  -> (artifact id: '41415f03805bb98aafc710a28e646114') in 0.038114 seconds 
========================================================================
Received Import Request.
  Time since last request: 0.000337 seconds.
  path: Assets/atm rush/giotin_obstacle (1).fbx
  artifactKey: Guid(83098d1ef682b6b4fb5b69ba5d1e4660) Importer(815301076,1909f56bfc062723c751e8b465ee728b)
Start importing Assets/atm rush/giotin_obstacle (1).fbx using Guid(83098d1ef682b6b4fb5b69ba5d1e4660) Importer(815301076,1909f56bfc062723c751e8b465ee728b)  -> (artifact id: 'a4912d870e0c3727b8106aaf8b298f30') in 0.047660 seconds 
========================================================================
Received Import Request.
  Time since last request: 0.000225 seconds.
  path: Assets/atm rush/Platform_Straight.fbx
  artifactKey: Guid(65fe0cba7927012489bd28e7808e453c) Importer(815301076,1909f56bfc062723c751e8b465ee728b)
Start importing Assets/atm rush/Platform_Straight.fbx using Guid(65fe0cba7927012489bd28e7808e453c) Importer(815301076,1909f56bfc062723c751e8b465ee728b)  -> (artifact id: '92ae3727fffd1479b7c9a0d58ccc985b') in 0.037482 seconds 
========================================================================
Received Import Request.
  Time since last request: 0.000220 seconds.
  path: Assets/atm rush/giyotin.fbx
  artifactKey: Guid(0ca5ecd4325e66d4aa4a7b0aca8b7065) Importer(815301076,1909f56bfc062723c751e8b465ee728b)
Start importing Assets/atm rush/giyotin.fbx using Guid(0ca5ecd4325e66d4aa4a7b0aca8b7065) Importer(815301076,1909f56bfc062723c751e8b465ee728b)  -> (artifact id: '308702457cceb6df0c02db06a48ac969') in 0.037934 seconds 
========================================================================
Received Import Request.
  Time since last request: 0.000390 seconds.
  path: Assets/atm rush/Finish_gate_.fbx
  artifactKey: Guid(6b78f9b6d4d8b7c4181e0fa0bec868dd) Importer(815301076,1909f56bfc062723c751e8b465ee728b)
Start importing Assets/atm rush/Finish_gate_.fbx using Guid(6b78f9b6d4d8b7c4181e0fa0bec868dd) Importer(815301076,1909f56bfc062723c751e8b465ee728b)  -> (artifact id: 'd09fc5369e4e07f5ac072af020b05d23') in 0.029987 seconds 
========================================================================
Received Import Request.
  Time since last request: 0.000406 seconds.
  path: Assets/atm rush/hand_R.fbx
  artifactKey: Guid(673d37caded11b8489cb5e393ecd6560) Importer(815301076,1909f56bfc062723c751e8b465ee728b)
Start importing Assets/atm rush/hand_R.fbx using Guid(673d37caded11b8489cb5e393ecd6560) Importer(815301076,1909f56bfc062723c751e8b465ee728b)  -> (artifact id: 'e7567f4e4dda7d78c745f4d0ecc760b8') in 0.115790 seconds 
========================================================================
Received Import Request.
  Time since last request: 0.000206 seconds.
  path: Assets/atm rush/smooth_bey.fbx
  artifactKey: Guid(69244209dd6927c4ab5ed7a32812d82c) Importer(815301076,1909f56bfc062723c751e8b465ee728b)
Start importing Assets/atm rush/smooth_bey.fbx using Guid(69244209dd6927c4ab5ed7a32812d82c) Importer(815301076,1909f56bfc062723c751e8b465ee728b)  -> (artifact id: '962508a22d6918c8be9ae0aa59518e2e') in 0.057770 seconds 
========================================================================
Received Import Request.
  Time since last request: 0.000270 seconds.
  path: Assets/atm rush/square_obstacle_.fbx
  artifactKey: Guid(e6947f2f2b53a8e48bb939ce4ec8524d) Importer(815301076,1909f56bfc062723c751e8b465ee728b)
Start importing Assets/atm rush/square_obstacle_.fbx using Guid(e6947f2f2b53a8e48bb939ce4ec8524d) Importer(815301076,1909f56bfc062723c751e8b465ee728b)  -> (artifact id: 'd8cfacf8f20f6af7cdfac2dd43c2e4da') in 0.025838 seconds 
========================================================================
Received Import Request.
  Time since last request: 0.000302 seconds.
  path: Assets/atm rush/smooth_bey2.fbx
  artifactKey: Guid(0c665efb5e5c015448c0edb4021029bb) Importer(815301076,1909f56bfc062723c751e8b465ee728b)
Start importing Assets/atm rush/smooth_bey2.fbx using Guid(0c665efb5e5c015448c0edb4021029bb) Importer(815301076,1909f56bfc062723c751e8b465ee728b)  -> (artifact id: '4578facddcb24fde0456ad883f06fda1') in 0.053600 seconds 
========================================================================
Received Import Request.
  Time since last request: 0.000221 seconds.
  path: Assets/atm rush
  artifactKey: Guid(bc1c11438ffe424438730c165e9feca5) Importer(815301076,1909f56bfc062723c751e8b465ee728b)
Start importing Assets/atm rush using Guid(bc1c11438ffe424438730c165e9feca5) Importer(815301076,1909f56bfc062723c751e8b465ee728b)  -> (artifact id: 'bdd6debbd199be0543e2f2e101eeacaf') in 0.006946 seconds 
========================================================================
Received Import Request.
  Time since last request: 0.000363 seconds.
  path: Assets/atm rush/diamondt.fbx
  artifactKey: Guid(fc36858eda302ca4cb6c75ef47756fd1) Importer(815301076,1909f56bfc062723c751e8b465ee728b)
Start importing Assets/atm rush/diamondt.fbx using Guid(fc36858eda302ca4cb6c75ef47756fd1) Importer(815301076,1909f56bfc062723c751e8b465ee728b)  -> (artifact id: '9cc61bd7d427955eeb08a087ff80322b') in 0.037416 seconds 
========================================================================
Received Import Request.
  Time since last request: 0.000224 seconds.
  path: Assets/atm rush/Atm_R.fbx
  artifactKey: Guid(9e60008bc70d7124ab69f79efe90fe0b) Importer(815301076,1909f56bfc062723c751e8b465ee728b)
Start importing Assets/atm rush/Atm_R.fbx using Guid(9e60008bc70d7124ab69f79efe90fe0b) Importer(815301076,1909f56bfc062723c751e8b465ee728b)  -> (artifact id: '0d95584843bf5f342dcbae64199e83a4') in 0.031114 seconds 
========================================================================
Received Import Request.
  Time since last request: 0.000257 seconds.
  path: Assets/atm rush/giullotine_R.fbx
  artifactKey: Guid(e718e2c906598fa4aac4ce69246b190b) Importer(815301076,1909f56bfc062723c751e8b465ee728b)
Start importing Assets/atm rush/giullotine_R.fbx using Guid(e718e2c906598fa4aac4ce69246b190b) Importer(815301076,1909f56bfc062723c751e8b465ee728b)  -> (artifact id: '661898f684a5e0c87e10ad782094856d') in 0.043700 seconds 
========================================================================
Received Import Request.
  Time since last request: 0.000233 seconds.
  path: Assets/atm rush/goldt.fbx
  artifactKey: Guid(7e97e3750a757b449bd613e5c05414c0) Importer(815301076,1909f56bfc062723c751e8b465ee728b)
Start importing Assets/atm rush/goldt.fbx using Guid(7e97e3750a757b449bd613e5c05414c0) Importer(815301076,1909f56bfc062723c751e8b465ee728b)  -> (artifact id: '45a4be29f91d270fcdc3015112abd305') in 0.022739 seconds 
========================================================================
Received Import Request.
  Time since last request: 0.000230 seconds.
  path: Assets/atm rush/Square_obstacle_R.fbx
  artifactKey: Guid(08285f6e02a59fd4fabe25522d95336d) Importer(815301076,1909f56bfc062723c751e8b465ee728b)
Start importing Assets/atm rush/Square_obstacle_R.fbx using Guid(08285f6e02a59fd4fabe25522d95336d) Importer(815301076,1909f56bfc062723c751e8b465ee728b)  -> (artifact id: '4f1a6035654e1224655c6e2ed41a6acd') in 0.024077 seconds 
========================================================================
Received Import Request.
  Time since last request: 0.000350 seconds.
  path: Assets/atm rush/hand.fbx
  artifactKey: Guid(7fddf413d7fc1684e8a08291a39d4ae6) Importer(815301076,1909f56bfc062723c751e8b465ee728b)
Start importing Assets/atm rush/hand.fbx using Guid(7fddf413d7fc1684e8a08291a39d4ae6) Importer(815301076,1909f56bfc062723c751e8b465ee728b)  -> (artifact id: 'f6994600540f2f54269b3990228862c8') in 0.040034 seconds 
========================================================================
Received Import Request.
  Time since last request: 0.000223 seconds.
  path: Assets/atm rush/Stickman_rig.fbx
  artifactKey: Guid(954a6e8a04b34c74c978fdf01dd5b354) Importer(815301076,1909f56bfc062723c751e8b465ee728b)
Start importing Assets/atm rush/Stickman_rig.fbx using Guid(954a6e8a04b34c74c978fdf01dd5b354) Importer(815301076,1909f56bfc062723c751e8b465ee728b)  -> (artifact id: 'ecd59eb0b17ed8925131902ccfdfe5c3') in 0.034490 seconds 
========================================================================
Received Import Request.
  Time since last request: 0.000261 seconds.
  path: Assets/atm rush/Money_radius_high.fbx
  artifactKey: Guid(f1b4ef3e5f514254885d9762f712f3b4) Importer(815301076,1909f56bfc062723c751e8b465ee728b)
Start importing Assets/atm rush/Money_radius_high.fbx using Guid(f1b4ef3e5f514254885d9762f712f3b4) Importer(815301076,1909f56bfc062723c751e8b465ee728b)  -> (artifact id: 'de63140927a1edfdee06af91b338e372') in 0.024852 seconds 
========================================================================
Received Import Request.
  Time since last request: 0.000267 seconds.
  path: Assets/atm rush/moneyt.fbx
  artifactKey: Guid(86c9e2aa70bc0274d8f048c00f99094d) Importer(815301076,1909f56bfc062723c751e8b465ee728b)
Start importing Assets/atm rush/moneyt.fbx using Guid(86c9e2aa70bc0274d8f048c00f99094d) Importer(815301076,1909f56bfc062723c751e8b465ee728b)  -> (artifact id: '986035d6ee8fad60f4ae472e8ddaff98') in 0.030291 seconds 
========================================================================
Received Import Request.
  Time since last request: 0.000289 seconds.
  path: Assets/atm rush/Gold.fbx
  artifactKey: Guid(eacd677dc8d75314f8e12797c8f3859a) Importer(815301076,1909f56bfc062723c751e8b465ee728b)
Start importing Assets/atm rush/Gold.fbx using Guid(eacd677dc8d75314f8e12797c8f3859a) Importer(815301076,1909f56bfc062723c751e8b465ee728b)  -> (artifact id: 'ee0cefbbc81cc51090c05b6226ccd7ef') in 0.022495 seconds 
========================================================================
Received Import Request.
  Time since last request: 0.000222 seconds.
  path: Assets/atm rush/money_gate_R.fbx
  artifactKey: Guid(bd6f26bdaf4a76949a733e55eb44c892) Importer(815301076,1909f56bfc062723c751e8b465ee728b)
Start importing Assets/atm rush/money_gate_R.fbx using Guid(bd6f26bdaf4a76949a733e55eb44c892) Importer(815301076,1909f56bfc062723c751e8b465ee728b)  -> (artifact id: 'b7dcc6be82c0e401e601b4f0a67adfee') in 0.025816 seconds 
========================================================================
Received Import Request.
  Time since last request: 0.000255 seconds.
  path: Assets/atm rush/money_pivot_corrected (1).fbx
  artifactKey: Guid(ac7b87e7780dd434fb39a1e5f9db51fc) Importer(815301076,1909f56bfc062723c751e8b465ee728b)
Start importing Assets/atm rush/money_pivot_corrected (1).fbx using Guid(ac7b87e7780dd434fb39a1e5f9db51fc) Importer(815301076,1909f56bfc062723c751e8b465ee728b)  -> (artifact id: '325f0f5f8b300b79922f9cb789da5728') in 0.022200 seconds 
========================================================================
Received Import Request.
  Time since last request: 0.000213 seconds.
  path: Assets/atm rush/cone_obstacle.fbx
  artifactKey: Guid(6c00376240eb9104382e31935d999dad) Importer(815301076,1909f56bfc062723c751e8b465ee728b)
Start importing Assets/atm rush/cone_obstacle.fbx using Guid(6c00376240eb9104382e31935d999dad) Importer(815301076,1909f56bfc062723c751e8b465ee728b)  -> (artifact id: '1d0f8df11bc3608d91013b80af74c9c0') in 0.022206 seconds 
========================================================================
Received Import Request.
  Time since last request: 0.000276 seconds.
  path: Assets/atm rush/band.fbx
  artifactKey: Guid(f94bce12db442c74c850a69d02bb5673) Importer(815301076,1909f56bfc062723c751e8b465ee728b)
Start importing Assets/atm rush/band.fbx using Guid(f94bce12db442c74c850a69d02bb5673) Importer(815301076,1909f56bfc062723c751e8b465ee728b)  -> (artifact id: 'fe935d741f01b933f6b6166e8d0c9a87') in 0.026132 seconds 
========================================================================
Received Import Request.
  Time since last request: 0.000222 seconds.
  path: Assets/atm rush/barrow.fbx
  artifactKey: Guid(d5d15311b46464447bab79ce6926a7b3) Importer(815301076,1909f56bfc062723c751e8b465ee728b)
Start importing Assets/atm rush/barrow.fbx using Guid(d5d15311b46464447bab79ce6926a7b3) Importer(815301076,1909f56bfc062723c751e8b465ee728b)  -> (artifact id: '3d77027f417498f43c4ce70b99b3de3c') in 0.026313 seconds 
========================================================================
Received Import Request.
  Time since last request: 0.000222 seconds.
  path: Assets/atm rush/Card_R.fbx
  artifactKey: Guid(725c0d25bd031ca45a068cddd2bc6d53) Importer(815301076,1909f56bfc062723c751e8b465ee728b)
Start importing Assets/atm rush/Card_R.fbx using Guid(725c0d25bd031ca45a068cddd2bc6d53) Importer(815301076,1909f56bfc062723c751e8b465ee728b)  -> (artifact id: '709f8369b8f49eaabbb407056e56d71d') in 0.038045 seconds 
========================================================================
Received Import Request.
  Time since last request: 0.000286 seconds.
  path: Assets/atm rush/money_pivot_corrected.fbx
  artifactKey: Guid(ef0edbc00964bb54bae97a1740096e0c) Importer(815301076,1909f56bfc062723c751e8b465ee728b)
Start importing Assets/atm rush/money_pivot_corrected.fbx using Guid(ef0edbc00964bb54bae97a1740096e0c) Importer(815301076,1909f56bfc062723c751e8b465ee728b)  -> (artifact id: '5dfda00db63e59501098fd36a26ec427') in 0.021285 seconds 
========================================================================
Received Import Request.
  Time since last request: 0.000322 seconds.
  path: Assets/atm rush/Stickman_run_anim.fbx
  artifactKey: Guid(4d12aa014667cca4f8942a47bac4c17c) Importer(815301076,1909f56bfc062723c751e8b465ee728b)
Start importing Assets/atm rush/Stickman_run_anim.fbx using Guid(4d12aa014667cca4f8942a47bac4c17c) Importer(815301076,1909f56bfc062723c751e8b465ee728b)  -> (artifact id: '331df82e787a354de9edf673521e7eb1') in 0.014931 seconds 
========================================================================
Received Import Request.
  Time since last request: 282.790880 seconds.
  path: Assets/atm rush/Platform_Straight 1.fbx
  artifactKey: Guid(f074d79eed0a6564f8243572a522863f) Importer(815301076,1909f56bfc062723c751e8b465ee728b)
Start importing Assets/atm rush/Platform_Straight 1.fbx using Guid(f074d79eed0a6564f8243572a522863f) Importer(815301076,1909f56bfc062723c751e8b465ee728b)  -> (artifact id: '2777811c1dbf7e29023c8d0927ffc697') in 0.049089 seconds 
========================================================================
Received Import Request.
  Time since last request: 123.733740 seconds.
  path: Assets/atm rush/Karakter_TPose.fbx
  artifactKey: Guid(fdf065f7425eaf54386916524e5dbbc2) Importer(815301076,1909f56bfc062723c751e8b465ee728b)
Start importing Assets/atm rush/Karakter_TPose.fbx using Guid(fdf065f7425eaf54386916524e5dbbc2) Importer(815301076,1909f56bfc062723c751e8b465ee728b)  -> (artifact id: 'c4b61f0438f631a16bad446259bc6d3f') in 0.066529 seconds 
========================================================================
Received Import Request.
  Time since last request: 0.000296 seconds.
  path: Assets/atm rush/Karakter_Run_anim.fbx
  artifactKey: Guid(74d0f99218479bf4aa816115b92e3cea) Importer(815301076,1909f56bfc062723c751e8b465ee728b)
Start importing Assets/atm rush/Karakter_Run_anim.fbx using Guid(74d0f99218479bf4aa816115b92e3cea) Importer(815301076,1909f56bfc062723c751e8b465ee728b)  -> (artifact id: '910e196ee8b97d751e179992dc961516') in 0.015354 seconds 
========================================================================
Received Import Request.
  Time since last request: 538.634589 seconds.
  path: Assets/atm rush/Platform_Straight 1.fbx
  artifactKey: Guid(f074d79eed0a6564f8243572a522863f) Importer(815301076,1909f56bfc062723c751e8b465ee728b)
Start importing Assets/atm rush/Platform_Straight 1.fbx using Guid(f074d79eed0a6564f8243572a522863f) Importer(815301076,1909f56bfc062723c751e8b465ee728b)  -> (artifact id: 'e70fa4bef62af7385c945e7501d3f3ff') in 0.042407 seconds 
========================================================================
Received Import Request.
  Time since last request: 0.000270 seconds.
  path: Assets/atm rush/Platform_Straight.fbx
  artifactKey: Guid(65fe0cba7927012489bd28e7808e453c) Importer(815301076,1909f56bfc062723c751e8b465ee728b)
Start importing Assets/atm rush/Platform_Straight.fbx using Guid(65fe0cba7927012489bd28e7808e453c) Importer(815301076,1909f56bfc062723c751e8b465ee728b)  -> (artifact id: '61d71e3501ceff28603edc5b6991d172') in 0.032413 seconds 
========================================================================
Received Import Request.
  Time since last request: 3.712535 seconds.
  path: Assets/atm rush/platform_color_t.png
  artifactKey: Guid(a29fe77123a85d04b987c39dd028290c) Importer(815301076,1909f56bfc062723c751e8b465ee728b)
Start importing Assets/atm rush/platform_color_t.png using Guid(a29fe77123a85d04b987c39dd028290c) Importer(815301076,1909f56bfc062723c751e8b465ee728b)  -> (artifact id: '3972936219dc19bbfb50312e73dbcfe2') in 0.028486 seconds 
========================================================================
Received Import Request.
  Time since last request: 316.225705 seconds.
  path: Assets/atm rush/Platform_Straight 1.fbx
  artifactKey: Guid(f074d79eed0a6564f8243572a522863f) Importer(815301076,1909f56bfc062723c751e8b465ee728b)
Start importing Assets/atm rush/Platform_Straight 1.fbx using Guid(f074d79eed0a6564f8243572a522863f) Importer(815301076,1909f56bfc062723c751e8b465ee728b)  -> (artifact id: 'f7853121bd413bb959bf4d6404fc3376') in 0.029984 seconds 
AssetImportWorkerClient::OnTransportError - code=2 error=End of file
